<?xml version="1.0" encoding="UTF-8"?>
<testng-results skipped="0" failed="0" ignored="0" total="1" passed="1">
  <reporter-output>
  </reporter-output>
  <suite name="Default suite" duration-ms="8760" started-at="2017-08-14T19:52:46Z" finished-at="2017-08-14T19:52:55Z">
    <groups>
    </groups>
    <test name="Default test" duration-ms="8760" started-at="2017-08-14T19:52:46Z" finished-at="2017-08-14T19:52:55Z">
      <class name="com.test.automation.uiAutomation.homePage.TC001_VerifyLoginWithInvalidCredentials">
        <test-method status="PASS" signature="setUp()[pri:0, instance:com.test.automation.uiAutomation.homePage.TC001_VerifyLoginWithInvalidCredentials@3159c4b8]" name="setUp" is-config="true" duration-ms="6466" started-at="2017-08-14T15:52:46Z" finished-at="2017-08-14T15:52:52Z">
          <reporter-output>
          </reporter-output>
        </test-method> <!-- setUp -->
        <test-method status="PASS" signature="VerifyLoginWithInvalidCredentials()[pri:0, instance:com.test.automation.uiAutomation.homePage.TC001_VerifyLoginWithInvalidCredentials@3159c4b8]" name="VerifyLoginWithInvalidCredentials" duration-ms="2276" started-at="2017-08-14T15:52:52Z" finished-at="2017-08-14T15:52:54Z">
          <reporter-output>
          </reporter-output>
        </test-method> <!-- VerifyLoginWithInvalidCredentials -->
      </class> <!-- com.test.automation.uiAutomation.homePage.TC001_VerifyLoginWithInvalidCredentials -->
    </test> <!-- Default test -->
  </suite> <!-- Default suite -->
</testng-results>
